<?xml version="1.0" encoding="UTF-8"?>
<!-- Generated by org.testng.reporters.JUnitReportReporter -->
<testsuite hostname="DESKTOP-P7EB103" failures="0" tests="2" name="testngpack.Flag1" time="0.030" errors="0" timestamp="2022-08-19T23:38:39 IST" skipped="0">
  <testcase classname="testngpack.Flag1" name="ValidActiTimeTest" time="0.027"/>
  <system-out>
    <![CDATA[valid login is performed]]>
  </system-out>
  <testcase classname="testngpack.Flag1" name="invalidValidActiTimeTest" time="0.003"/>
  <system-out>
    <![CDATA[invalid login is performed]]>
  </system-out>
</testsuite> <!-- testngpack.Flag1 -->
