<?xml version="1.0" encoding="UTF-8"?>
<!-- Generated by org.testng.reporters.JUnitReportReporter -->
<testsuite hostname="DESKTOP-P7EB103" failures="0" tests="1" name="testngpack.Class2" time="6.285" errors="0" timestamp="2022-08-25T22:43:55 IST" skipped="0">
  <testcase classname="testngpack.Class2" name="launchGoogle1" time="6.285"/>
  <system-out/>
</testsuite> <!-- testngpack.Class2 -->
