<?xml version="1.0" encoding="UTF-8"?>
<!-- Generated by org.testng.reporters.JUnitReportReporter -->
<testsuite hostname="DESKTOP-P7EB103" failures="0" tests="1" name="testngpack.Demo1" time="0.026" errors="0" timestamp="2022-08-18T14:52:10 IST" skipped="0">
  <testcase classname="testngpack.Demo1" name="a" time="0.026"/>
  <system-out/>
</testsuite> <!-- testngpack.Demo1 -->
