<?xml version="1.0" encoding="UTF-8"?>
<!-- Generated by org.testng.reporters.JUnitReportReporter -->
<testsuite hostname="DESKTOP-P7EB103" failures="0" tests="1" name="AssertionClassWork.OrangeHRmAssertion" time="77.278" errors="0" timestamp="2022-08-25T15:38:24 IST" skipped="0">
  <testcase classname="AssertionClassWork.OrangeHRmAssertion" name="OrangeHRM" time="77.278"/>
  <system-out>
    <![CDATA[username text box is displayed
pasword text box is displayed
login button  is displayed
Home page title is verified]]>
  </system-out>
</testsuite> <!-- AssertionClassWork.OrangeHRmAssertion -->
