<?xml version="1.0" encoding="UTF-8"?>
<!-- Generated by org.testng.reporters.JUnitReportReporter -->
<testsuite hostname="DESKTOP-P7EB103" failures="0" tests="6" name="testngpack.Flag6" time="0.043" errors="0" timestamp="2022-08-25T22:13:26 IST" skipped="0">
  <testcase classname="testngpack.Flag6" name="st1" time="0.017"/>
  <system-out>
    <![CDATA[Smoke test case 1]]>
  </system-out>
  <testcase classname="testngpack.Flag6" name="st3" time="0.008"/>
  <system-out>
    <![CDATA[Smoke test case 3]]>
  </system-out>
  <testcase classname="testngpack.Flag6" name="st6" time="0.004"/>
  <system-out>
    <![CDATA[Smoke test case 6]]>
  </system-out>
  <testcase classname="testngpack.Flag6" name="st4" time="0.005"/>
  <system-out>
    <![CDATA[Smoke test case 4]]>
  </system-out>
  <testcase classname="testngpack.Flag6" name="st5" time="0.007"/>
  <system-out>
    <![CDATA[Smoke test case 5]]>
  </system-out>
  <testcase classname="testngpack.Flag6" name="st2" time="0.002"/>
  <system-out>
    <![CDATA[Smoke test case 2]]>
  </system-out>
</testsuite> <!-- testngpack.Flag6 -->
