<?xml version="1.0" encoding="UTF-8"?>
<!-- Generated by org.testng.reporters.JUnitReportReporter -->
<testsuite hostname="DESKTOP-P7EB103" failures="0" tests="2" name="testngpack.ActiTimeLogin" time="21.808" errors="0" timestamp="2022-08-25T22:24:32 IST" skipped="0">
  <testcase classname="testngpack.ActiTimeLogin" name="actitimeLogin" time="14.400"/>
  <system-out/>
  <testcase classname="testngpack.ActiTimeLogin" name="actitimeLogin" time="7.408"/>
  <system-out/>
</testsuite> <!-- testngpack.ActiTimeLogin -->
