<?xml version="1.0" encoding="UTF-8"?>
<!-- Generated by org.testng.reporters.JUnitReportReporter -->
<testsuite hostname="DESKTOP-P7EB103" failures="0" tests="1" name="testngpack.Sumo" time="0.003" errors="0" timestamp="2022-08-19T14:20:28 IST" skipped="0">
  <testcase classname="testngpack.Sumo" name="sumo" time="0.003"/>
  <system-out>
    <![CDATA[Sumo method executed]]>
  </system-out>
</testsuite> <!-- testngpack.Sumo -->
