<?xml version="1.0" encoding="UTF-8"?>
<!-- Generated by org.testng.reporters.JUnitReportReporter -->
<testsuite hostname="DESKTOP-P7EB103" failures="0" tests="2" name="testngpack.TestActiTime1" time="31.346" errors="0" timestamp="2022-08-23T22:43:50 IST" skipped="0">
  <testcase classname="testngpack.TestActiTime1" name="logintoActiTime" time="14.959"/>
  <system-out/>
  <testcase classname="testngpack.TestActiTime1" name="actiTimeLogout" time="16.387"/>
  <system-out/>
</testsuite> <!-- testngpack.TestActiTime1 -->
