<?xml version="1.0" encoding="UTF-8"?>
<!-- Generated by org.testng.reporters.JUnitReportReporter -->
<testsuite hostname="DESKTOP-P7EB103" failures="0" tests="2" name="testngpack.Flag8" time="19.940" errors="0" timestamp="2022-08-25T22:05:14 IST" skipped="0">
  <testcase classname="testngpack.Flag8" name="loginActiTime" time="10.873"/>
  <system-out/>
  <testcase classname="testngpack.Flag8" name="loginActiTime" time="9.067"/>
  <system-out/>
</testsuite> <!-- testngpack.Flag8 -->
