<?xml version="1.0" encoding="UTF-8"?>
<!-- Generated by org.testng.reporters.JUnitReportReporter -->
<testsuite hostname="DESKTOP-P7EB103" failures="0" tests="1" name="testngpack.Demo2" time="0.045" errors="0" timestamp="2022-08-18T14:52:41 IST" skipped="0">
  <testcase classname="testngpack.Demo2" name="a" time="0.045"/>
  <system-out>
    <![CDATA[Hi I am from methos A]]>
  </system-out>
</testsuite> <!-- testngpack.Demo2 -->
