<?xml version="1.0" encoding="UTF-8"?>
<!-- Generated by org.testng.reporters.JUnitReportReporter -->
<testsuite hostname="DESKTOP-P7EB103" failures="0" tests="1" name="testngpack.Demo3" time="0.015" errors="0" timestamp="2022-08-19T14:20:28 IST" skipped="0">
  <testcase classname="testngpack.Demo3" name="a" time="0.015"/>
  <system-out>
    <![CDATA[Hi i am from Method A]]>
  </system-out>
</testsuite> <!-- testngpack.Demo3 -->
