<?xml version="1.0" encoding="UTF-8"?>
<!-- Generated by org.testng.reporters.JUnitReportReporter -->
<testsuite hostname="DESKTOP-P7EB103" failures="0" tests="2" name="testngpack.ReadDataFromXMLFile" time="34.389" errors="0" timestamp="2022-08-25T22:40:23 IST" skipped="0">
  <testcase classname="testngpack.ReadDataFromXMLFile" name="loginActiTime" time="19.632"/>
  <system-out/>
  <testcase classname="testngpack.ReadDataFromXMLFile" name="loginActiTime" time="14.757"/>
  <system-out/>
</testsuite> <!-- testngpack.ReadDataFromXMLFile -->
