<?xml version="1.0" encoding="UTF-8"?>
<!-- Generated by org.testng.reporters.JUnitReportReporter -->
<testsuite hostname="DESKTOP-P7EB103" failures="0" tests="2" name="testngpack.TestMethod1" time="0.052" errors="0" timestamp="2022-08-23T23:03:08 IST" skipped="0">
  <testcase classname="testngpack.TestMethod1" name="method2" time="0.026"/>
  <system-out>
    <![CDATA[method2 16]]>
  </system-out>
  <testcase classname="testngpack.TestMethod1" name="method1" time="0.026"/>
  <system-out>
    <![CDATA[method1 15]]>
  </system-out>
</testsuite> <!-- testngpack.TestMethod1 -->
